Flow report for Automatic_Target_Reporting_System
Thu Feb 08 10:42:53 2024
Quartus Prime Version 20.1.0 Build 711 06/05/2020 SJ Lite Edition


---------------------
; Table of Contents ;
---------------------
  1. Legal Notice
  2. Flow Summary
  3. Flow Settings
  4. Flow Non-Default Global Settings
  5. Flow Elapsed Time
  6. Flow OS Summary
  7. Flow Log
  8. Flow Messages
  9. Flow Suppressed Messages



----------------
; Legal Notice ;
----------------
Copyright (C) 2020  Intel Corporation. All rights reserved.
Your use of Intel Corporation's design tools, logic functions 
and other software and tools, and any partner logic 
functions, and any output files from any of the foregoing 
(including device programming or simulation files), and any 
associated documentation or information are expressly subject 
to the terms and conditions of the Intel Program License 
Subscription Agreement, the Intel Quartus Prime License Agreement,
the Intel FPGA IP License Agreement, or other applicable license
agreement, including, without limitation, that your use is for
the sole purpose of programming logic devices manufactured by
Intel and sold by Intel or its authorized distributors.  Please
refer to the applicable agreement for further details, at
https://fpgasoftware.intel.com/eula.



+----------------------------------------------------------------------------------+
; Flow Summary                                                                     ;
+------------------------------------+---------------------------------------------+
; Flow Status                        ; Successful - Thu Feb 08 10:42:53 2024       ;
; Quartus Prime Version              ; 20.1.0 Build 711 06/05/2020 SJ Lite Edition ;
; Revision Name                      ; Automatic_Target_Reporting_System           ;
; Top-level Entity Name              ; Automatic_Target_Reporting_System           ;
; Family                             ; Cyclone IV E                                ;
; Device                             ; EP4CE6F17C8                                 ;
; Timing Models                      ; Final                                       ;
; Total logic elements               ; 1,888 / 6,272 ( 30 % )                      ;
;     Total combinational functions  ; 1,573 / 6,272 ( 25 % )                      ;
;     Dedicated logic registers      ; 1,174 / 6,272 ( 19 % )                      ;
; Total registers                    ; 1174                                        ;
; Total pins                         ; 75 / 180 ( 42 % )                           ;
; Total virtual pins                 ; 0                                           ;
; Total memory bits                  ; 66,040 / 276,480 ( 24 % )                   ;
; Embedded Multiplier 9-bit elements ; 0 / 30 ( 0 % )                              ;
; Total PLLs                         ; 1 / 2 ( 50 % )                              ;
+------------------------------------+---------------------------------------------+


+-------------------------------------------------------+
; Flow Settings                                         ;
+-------------------+-----------------------------------+
; Option            ; Setting                           ;
+-------------------+-----------------------------------+
; Start date & time ; 02/08/2024 10:42:01               ;
; Main task         ; Compilation                       ;
; Revision Name     ; Automatic_Target_Reporting_System ;
+-------------------+-----------------------------------+


+------------------------------------------------------------------------------------------------------------------------------------------------+
; Flow Non-Default Global Settings                                                                                                               ;
+-------------------------------------+----------------------------------------+---------------+-------------+-----------------------------------+
; Assignment Name                     ; Value                                  ; Default Value ; Entity Name ; Section Id                        ;
+-------------------------------------+----------------------------------------+---------------+-------------+-----------------------------------+
; COMPILER_SIGNATURE_ID               ; 1097790254631.170736012112844          ; --            ; --          ; --                                ;
; EDA_GENERATE_FUNCTIONAL_NETLIST     ; Off                                    ; --            ; --          ; eda_board_design_timing           ;
; EDA_GENERATE_FUNCTIONAL_NETLIST     ; Off                                    ; --            ; --          ; eda_board_design_boundary_scan    ;
; EDA_GENERATE_FUNCTIONAL_NETLIST     ; Off                                    ; --            ; --          ; eda_board_design_signal_integrity ;
; EDA_GENERATE_FUNCTIONAL_NETLIST     ; Off                                    ; --            ; --          ; eda_board_design_symbol           ;
; EDA_OUTPUT_DATA_FORMAT              ; Verilog Hdl                            ; --            ; --          ; eda_simulation                    ;
; EDA_SIMULATION_TOOL                 ; ModelSim-Altera (Verilog)              ; <None>        ; --          ; --                                ;
; EDA_TIME_SCALE                      ; 1 ps                                   ; --            ; --          ; eda_simulation                    ;
; MAX_CORE_JUNCTION_TEMP              ; 85                                     ; --            ; --          ; --                                ;
; MIN_CORE_JUNCTION_TEMP              ; 0                                      ; --            ; --          ; --                                ;
; MISC_FILE                           ; RTL/IP/SYS_PLL_inst.v                  ; --            ; --          ; --                                ;
; MISC_FILE                           ; RTL/IP/SYS_PLL_bb.v                    ; --            ; --          ; --                                ;
; MISC_FILE                           ; RTL/IP/SYS_PLL.ppf                     ; --            ; --          ; --                                ;
; MISC_FILE                           ; RTL/IP/Line_Shift_RAM_1Bit_inst.v      ; --            ; --          ; --                                ;
; MISC_FILE                           ; RTL/IP/Line_Shift_RAM_1Bit_bb.v        ; --            ; --          ; --                                ;
; MISC_FILE                           ; RTL/IP/SDRAM_RD_FIFO_inst.v            ; --            ; --          ; --                                ;
; MISC_FILE                           ; RTL/IP/SDRAM_RD_FIFO_bb.v              ; --            ; --          ; --                                ;
; MISC_FILE                           ; RTL/IP/SDRAM_WR_FIFO_inst.v            ; --            ; --          ; --                                ;
; MISC_FILE                           ; RTL/IP/SDRAM_WR_FIFO_bb.v              ; --            ; --          ; --                                ;
; OUTPUT_IO_TIMING_FAR_END_VMEAS      ; Half Signal Swing                      ; --            ; --          ; --                                ;
; OUTPUT_IO_TIMING_FAR_END_VMEAS      ; Half Signal Swing                      ; --            ; --          ; --                                ;
; OUTPUT_IO_TIMING_NEAR_END_VMEAS     ; Half Vccio                             ; --            ; --          ; --                                ;
; OUTPUT_IO_TIMING_NEAR_END_VMEAS     ; Half Vccio                             ; --            ; --          ; --                                ;
; PARTITION_COLOR                     ; -- (Not supported for targeted family) ; --            ; --          ; Top                               ;
; PARTITION_FITTER_PRESERVATION_LEVEL ; -- (Not supported for targeted family) ; --            ; --          ; Top                               ;
; PARTITION_NETLIST_TYPE              ; -- (Not supported for targeted family) ; --            ; --          ; Top                               ;
; POWER_BOARD_THERMAL_MODEL           ; None (CONSERVATIVE)                    ; --            ; --          ; --                                ;
; POWER_PRESET_COOLING_SOLUTION       ; 23 MM HEAT SINK WITH 200 LFPM AIRFLOW  ; --            ; --          ; --                                ;
; PROJECT_OUTPUT_DIRECTORY            ; output_files                           ; --            ; --          ; --                                ;
+-------------------------------------+----------------------------------------+---------------+-------------+-----------------------------------+


+--------------------------------------------------------------------------------------------------------------------------+
; Flow Elapsed Time                                                                                                        ;
+----------------------+--------------+-------------------------+---------------------+------------------------------------+
; Module Name          ; Elapsed Time ; Average Processors Used ; Peak Virtual Memory ; Total CPU Time (on all processors) ;
+----------------------+--------------+-------------------------+---------------------+------------------------------------+
; Analysis & Synthesis ; 00:00:25     ; 1.0                     ; 4881 MB             ; 00:00:27                           ;
; Fitter               ; 00:00:15     ; 1.4                     ; 6535 MB             ; 00:00:31                           ;
; Assembler            ; 00:00:02     ; 1.0                     ; 4701 MB             ; 00:00:02                           ;
; Timing Analyzer      ; 00:00:05     ; 1.6                     ; 4938 MB             ; 00:00:05                           ;
; EDA Netlist Writer   ; 00:00:02     ; 1.0                     ; 4658 MB             ; 00:00:02                           ;
; Total                ; 00:00:49     ; --                      ; --                  ; 00:01:07                           ;
+----------------------+--------------+-------------------------+---------------------+------------------------------------+


+------------------------------------------------------------------------------------+
; Flow OS Summary                                                                    ;
+----------------------+------------------+------------+------------+----------------+
; Module Name          ; Machine Hostname ; OS Name    ; OS Version ; Processor type ;
+----------------------+------------------+------------+------------+----------------+
; Analysis & Synthesis ; DESKTOP-BQVT58S  ; Windows 10 ; 10.0       ; x86_64         ;
; Fitter               ; DESKTOP-BQVT58S  ; Windows 10 ; 10.0       ; x86_64         ;
; Assembler            ; DESKTOP-BQVT58S  ; Windows 10 ; 10.0       ; x86_64         ;
; Timing Analyzer      ; DESKTOP-BQVT58S  ; Windows 10 ; 10.0       ; x86_64         ;
; EDA Netlist Writer   ; DESKTOP-BQVT58S  ; Windows 10 ; 10.0       ; x86_64         ;
+----------------------+------------------+------------+------------+----------------+


------------
; Flow Log ;
------------
quartus_map --read_settings_files=on --write_settings_files=off Automatic_Target_Reporting_System -c Automatic_Target_Reporting_System
quartus_fit --read_settings_files=off --write_settings_files=off Automatic_Target_Reporting_System -c Automatic_Target_Reporting_System
quartus_asm --read_settings_files=off --write_settings_files=off Automatic_Target_Reporting_System -c Automatic_Target_Reporting_System
quartus_sta Automatic_Target_Reporting_System -c Automatic_Target_Reporting_System
quartus_eda --read_settings_files=off --write_settings_files=off Automatic_Target_Reporting_System -c Automatic_Target_Reporting_System



